Using pre-set license
Built from '2022.3/china_unity/release' branch; Version is '2022.3.30f1c1 (a6dc00fbe362) revision 10935296'; Using compiler version '192829333'; Build Type 'Release'
OS: 'Windows 11  (10.0.22631) 64bit Professional' Language: 'zh' Physical Memory: 15613 MB
BatchMode: 1, IsHumanControllingUs: 0, StartBugReporterOnCrash: 0, Is64bit: 1, IsPro: 1

COMMAND LINE ARGUMENTS:
C:\Apps\Unity Hub\Unity\Hub\Editor\2022.3.30f1c1\Editor\Unity.exe
-adb2
-batchMode
-noUpm
-name
AssetImportWorker1
-projectPath
F:/Unity/Projects/24.10.3ExtremeWorld/Src/Client
-logFile
Logs/AssetImportWorker1.log
-srvPort
52908
Successfully changed project path to: F:/Unity/Projects/24.10.3ExtremeWorld/Src/Client
F:/Unity/Projects/24.10.3ExtremeWorld/Src/Client
[UnityMemory] Configuration Parameters - Can be set up in boot.config
    "memorysetup-bucket-allocator-granularity=16"
    "memorysetup-bucket-allocator-bucket-count=8"
    "memorysetup-bucket-allocator-block-size=33554432"
    "memorysetup-bucket-allocator-block-count=8"
    "memorysetup-main-allocator-block-size=16777216"
    "memorysetup-thread-allocator-block-size=16777216"
    "memorysetup-gfx-main-allocator-block-size=16777216"
    "memorysetup-gfx-thread-allocator-block-size=16777216"
    "memorysetup-cache-allocator-block-size=4194304"
    "memorysetup-typetree-allocator-block-size=2097152"
    "memorysetup-profiler-bucket-allocator-granularity=16"
    "memorysetup-profiler-bucket-allocator-bucket-count=8"
    "memorysetup-profiler-bucket-allocator-block-size=33554432"
    "memorysetup-profiler-bucket-allocator-block-count=8"
    "memorysetup-profiler-allocator-block-size=16777216"
    "memorysetup-profiler-editor-allocator-block-size=1048576"
    "memorysetup-temp-allocator-size-main=16777216"
    "memorysetup-job-temp-allocator-block-size=2097152"
    "memorysetup-job-temp-allocator-block-size-background=1048576"
    "memorysetup-job-temp-allocator-reduction-small-platforms=262144"
    "memorysetup-allocator-temp-initial-block-size-main=262144"
    "memorysetup-allocator-temp-initial-block-size-worker=262144"
    "memorysetup-temp-allocator-size-background-worker=32768"
    "memorysetup-temp-allocator-size-job-worker=262144"
    "memorysetup-temp-allocator-size-preload-manager=33554432"
    "memorysetup-temp-allocator-size-nav-mesh-worker=65536"
    "memorysetup-temp-allocator-size-audio-worker=65536"
    "memorysetup-temp-allocator-size-cloud-worker=32768"
    "memorysetup-temp-allocator-size-gi-baking-worker=262144"
    "memorysetup-temp-allocator-size-gfx=262144"
Player connection [28632] Host "[IP] 192.168.145.1 [Port] 0 [Flags] 2 [Guid] 2029462000 [EditorId] 2029462000 [Version] 1048832 [Id] WindowsEditor(7,LAPTOP-H7TM5C4L) [Debug] 1 [PackageName] WindowsEditor [ProjectName] Editor" joined multi-casting on [225.0.0.222:54997]...

Player connection [28632] Host "[IP] 192.168.145.1 [Port] 0 [Flags] 2 [Guid] 2029462000 [EditorId] 2029462000 [Version] 1048832 [Id] WindowsEditor(7,LAPTOP-H7TM5C4L) [Debug] 1 [PackageName] WindowsEditor [ProjectName] Editor" joined alternative multi-casting on [225.0.0.222:34997]...

[Physics::Module] Initialized MultithreadedJobDispatcher with 15 workers.
Refreshing native plugins compatible for Editor in 34.79 ms, found 2 plugins.
Preloading 0 native plugins for Editor in 0.00 ms.
Initialize engine version: 2022.3.30f1c1 (a6dc00fbe362)
[Subsystems] Discovering subsystems at path C:/Apps/Unity Hub/Unity/Hub/Editor/2022.3.30f1c1/Editor/Data/Resources/UnitySubsystems
[Subsystems] Discovering subsystems at path F:/Unity/Projects/24.10.3ExtremeWorld/Src/Client/Assets
GfxDevice: creating device client; threaded=0; jobified=0
Direct3D:
    Version:  Direct3D 11.0 [level 11.1]
    Renderer: NVIDIA GeForce RTX 3060 Laptop GPU (ID=0x2520)
    Vendor:   NVIDIA
    VRAM:     5996 MB
    Driver:   32.0.15.6094
Initialize mono
Mono path[0] = 'C:/Apps/Unity Hub/Unity/Hub/Editor/2022.3.30f1c1/Editor/Data/Managed'
Mono path[1] = 'C:/Apps/Unity Hub/Unity/Hub/Editor/2022.3.30f1c1/Editor/Data/MonoBleedingEdge/lib/mono/unityjit-win32'
Mono config path = 'C:/Apps/Unity Hub/Unity/Hub/Editor/2022.3.30f1c1/Editor/Data/MonoBleedingEdge/etc'
Using monoOptions --debugger-agent=transport=dt_socket,embedding=1,server=y,suspend=n,address=127.0.0.1:56024
Begin MonoManager ReloadAssembly
Registering precompiled unity dll's ...
Register platform support module: C:/Apps/Unity Hub/Unity/Hub/Editor/2022.3.30f1c1/Editor/Data/PlaybackEngines/AndroidPlayer/UnityEditor.Android.Extensions.dll
Register platform support module: C:/Apps/Unity Hub/Unity/Hub/Editor/2022.3.30f1c1/Editor/Data/PlaybackEngines/WindowsStandaloneSupport/UnityEditor.WindowsStandalone.Extensions.dll
Registered in 0.013018 seconds.
- Loaded All Assemblies, in  0.416 seconds
Native extension for WindowsStandalone target not found
Native extension for Android target not found
Android Extension - Scanning For ADB Devices 535 ms
Mono: successfully reloaded assembly
- Finished resetting the current domain, in  0.898 seconds
Domain Reload Profiling: 1310ms
	BeginReloadAssembly (120ms)
		ExecutionOrderSort (0ms)
		DisableScriptedObjects (0ms)
		BackupInstance (0ms)
		ReleaseScriptingObjects (0ms)
		CreateAndSetChildDomain (1ms)
	RebuildCommonClasses (36ms)
	RebuildNativeTypeToScriptingClass (10ms)
	initialDomainReloadingComplete (77ms)
	LoadAllAssembliesAndSetupDomain (168ms)
		LoadAssemblies (116ms)
		RebuildTransferFunctionScriptingTraits (0ms)
		AnalyzeDomain (165ms)
			TypeCache.Refresh (164ms)
				TypeCache.ScanAssembly (148ms)
			ScanForSourceGeneratedMonoScriptInfo (0ms)
			ResolveRequiredComponents (1ms)
	FinalizeReload (898ms)
		ReleaseScriptCaches (0ms)
		RebuildScriptCaches (0ms)
		SetupLoadedEditorAssemblies (831ms)
			LogAssemblyErrors (0ms)
			InitializePlatformSupportModulesInManaged (654ms)
			SetLoadedEditorAssemblies (5ms)
			RefreshPlugins (0ms)
			BeforeProcessingInitializeOnLoad (3ms)
			ProcessInitializeOnLoadAttributes (120ms)
			ProcessInitializeOnLoadMethodAttributes (49ms)
			AfterProcessingInitializeOnLoad (0ms)
			EditorAssembliesLoaded (0ms)
		ExecutionOrderSort2 (0ms)
		AwakeInstancesAfterBackupRestoration (0ms)
========================================================================
Worker process is ready to serve import requests
Begin MonoManager ReloadAssembly
Duplicate assembly 'log4net.dll' with different versions detected, using 'Assets/References/log4net.dll, AssemblyName=log4net, Version=2.0.8.0, Culture=neutral, PublicKeyToken=null' and ignoring 'Packages/com.unity.collab-proxy/Lib/Editor/PlasticSCM/log4netPlastic.dll, AssemblyName=log4net, Version=1.2.15.0, Culture=neutral, PublicKeyToken=669e0ddf0bb1aa2a'.Duplicate assembly 'Newtonsoft.Json.dll' with different versions detected, using 'Packages/com.unity.nuget.newtonsoft-json/Runtime/Newtonsoft.Json.dll, AssemblyName=Newtonsoft.Json, Version=13.0.0.0, Culture=neutral, PublicKeyToken=30ad4fe6b2a6aeed' and ignoring 'Assets/JsonDotNet/Assemblies/Standalone/Newtonsoft.Json.dll, AssemblyName=Newtonsoft.Json, Version=8.0.0.0, Culture=neutral, PublicKeyToken=null'.Symbol file LoadedFromMemory is not a mono symbol file
Symbol file LoadedFromMemory is not a mono symbol file
Symbol file LoadedFromMemory doesn't match image F:\Unity\Projects\24.10.3ExtremeWorld\Src\Client\Assets\References\Common.dll
- Loaded All Assemblies, in  0.777 seconds
Refreshing native plugins compatible for Editor in 14.31 ms, found 2 plugins.
Native extension for WindowsStandalone target not found
Native extension for Android target not found
Package Manager log level set to [2]
[Package Manager] Server::EnsureServerProcessIsRunning -- launch failed, reason: Unity was launched with the -noUpm command-line argument
[Package Manager] UpmClient::Send -- Unable to send message (not connected to UPM process).
[Package Manager] Cannot connect to Unity Package Manager local server
Mono: successfully reloaded assembly
- Finished resetting the current domain, in  1.186 seconds
Domain Reload Profiling: 1957ms
	BeginReloadAssembly (195ms)
		ExecutionOrderSort (0ms)
		DisableScriptedObjects (6ms)
		BackupInstance (0ms)
		ReleaseScriptingObjects (0ms)
		CreateAndSetChildDomain (31ms)
	RebuildCommonClasses (41ms)
	RebuildNativeTypeToScriptingClass (9ms)
	initialDomainReloadingComplete (51ms)
	LoadAllAssembliesAndSetupDomain (473ms)
		LoadAssemblies (446ms)
		RebuildTransferFunctionScriptingTraits (0ms)
		AnalyzeDomain (146ms)
			TypeCache.Refresh (125ms)
				TypeCache.ScanAssembly (97ms)
			ScanForSourceGeneratedMonoScriptInfo (19ms)
			ResolveRequiredComponents (2ms)
	FinalizeReload (1187ms)
		ReleaseScriptCaches (0ms)
		RebuildScriptCaches (0ms)
		SetupLoadedEditorAssemblies (1006ms)
			LogAssemblyErrors (0ms)
			InitializePlatformSupportModulesInManaged (32ms)
			SetLoadedEditorAssemblies (7ms)
			RefreshPlugins (0ms)
			BeforeProcessingInitializeOnLoad (130ms)
			ProcessInitializeOnLoadAttributes (623ms)
			ProcessInitializeOnLoadMethodAttributes (193ms)
			AfterProcessingInitializeOnLoad (19ms)
			EditorAssembliesLoaded (1ms)
		ExecutionOrderSort2 (0ms)
		AwakeInstancesAfterBackupRestoration (12ms)
Launched and connected shader compiler UnityShaderCompiler.exe after 0.06 seconds
Refreshing native plugins compatible for Editor in 10.81 ms, found 2 plugins.
Preloading 0 native plugins for Editor in 0.00 ms.
Unloading 2528 Unused Serialized files (Serialized files now loaded: 0)
Unloading 71 unused Assets / (75.9 KB). Loaded Objects now: 2988.
Memory consumption went from 125.0 MB to 124.9 MB.
Total: 8.317100 ms (FindLiveObjects: 0.211200 ms CreateObjectMapping: 0.077100 ms MarkObjects: 7.787900 ms  DeleteObjects: 0.238300 ms)

AssetImportParameters requested are different than current active one (requested -> active):
  custom:video-decoder-webm-vp8: 9c59270c3fd7afecdb556c50c9e8de78 -> 
  custom:SearchIndexIgnoredProperties: e643bd26f0fe6173181afceb89e7c659 -> 
  custom:container-demuxer-ogg: 62fdf1f143b41e24485cea50d1cbac27 -> 
  custom:AudioImporter_EditorPlatform: d09bf68614088b80899f8185d706f6e7 -> 
  custom:video-codec-MediaFoundation-h265: 746d11721c4dcdbdad8f713fa42b33f4 -> 
  custom:video-decoder-ogg-theora: a1e56fd34408186e4bbccfd4996cb3dc -> 
  custom:framework-win-MediaFoundation: 216162199b28c13a410421893ffa2e32 -> 
  custom:video-encoder-webm-vp8: eb34c28f22e8b96e1ab97ce403110664 -> 
  custom:audio-decoder-ogg-vorbis: bf7c407c2cedff20999df2af8eb42d56 -> 
  custom:CustomObjectIndexerAttribute: 9a22284fe3817be447336de3de66b15e -> 
  custom:container-demuxer-webm: 4f35f7cbe854078d1ac9338744f61a02 -> 
  custom:audio-encoder-webm-vorbis: bf7c407c2cedff20999df2af8eb42d56 -> 
  custom:container-muxer-webm: aa71ff27fc2769a1b78a27578f13a17b -> 
========================================================================
Received Import Request.
  Time since last request: 6000.669788 seconds.
  path: Assets/Resources/UI/UI/game_tips.png
  artifactKey: Guid(6efa41defde801e46919a03179b5a0a3) Importer(815301076,1909f56bfc062723c751e8b465ee728b)
Start importing Assets/Resources/UI/UI/game_tips.png using Guid(6efa41defde801e46919a03179b5a0a3) Importer(815301076,1909f56bfc062723c751e8b465ee728b)  -> (artifact id: 'c7684013ef9691f19087b30c9f7fd14d') in 0.053277 seconds
Number of updated asset objects reloaded before import = 0
Number of asset objects unloaded after import = 2
========================================================================
Received Import Request.
  Time since last request: 0.029065 seconds.
  path: Assets/Resources/UI/UI/loading_bar.png
  artifactKey: Guid(e1e3655e272380247a4169708ed5c45d) Importer(815301076,1909f56bfc062723c751e8b465ee728b)
Start importing Assets/Resources/UI/UI/loading_bar.png using Guid(e1e3655e272380247a4169708ed5c45d) Importer(815301076,1909f56bfc062723c751e8b465ee728b)  -> (artifact id: '0d108ae4de37fbb4580327943bf6f268') in 0.006287 seconds
Number of updated asset objects reloaded before import = 0
Number of asset objects unloaded after import = 2
========================================================================
Received Import Request.
  Time since last request: 0.077722 seconds.
  path: Assets/Resources/UI/UI/loading_bg.png
  artifactKey: Guid(69143aa1355876a44bb5c37cc7282dd9) Importer(815301076,1909f56bfc062723c751e8b465ee728b)
Start importing Assets/Resources/UI/UI/loading_bg.png using Guid(69143aa1355876a44bb5c37cc7282dd9) Importer(815301076,1909f56bfc062723c751e8b465ee728b)  -> (artifact id: 'cce0014f251484ca9d4820d457dceec5') in 0.008932 seconds
Number of updated asset objects reloaded before import = 0
Number of asset objects unloaded after import = 2
========================================================================
Received Import Request.
  Time since last request: 0.000020 seconds.
  path: Assets/Resources/UI/UI/start_up_bg01.jpg
  artifactKey: Guid(e30fe6cd9572bb54c86acd5f4a20ff62) Importer(815301076,1909f56bfc062723c751e8b465ee728b)
Start importing Assets/Resources/UI/UI/start_up_bg01.jpg using Guid(e30fe6cd9572bb54c86acd5f4a20ff62) Importer(815301076,1909f56bfc062723c751e8b465ee728b)  -> (artifact id: 'bb08f276a93b3298879dceaeac8c0e54') in 0.018339 seconds
Number of updated asset objects reloaded before import = 0
Number of asset objects unloaded after import = 2
========================================================================
Received Import Request.
  Time since last request: 0.000019 seconds.
  path: Assets/Resources/UI/UI/start_up_bg.jpg
  artifactKey: Guid(19a5d9e3f559dac488aef922f5e7d198) Importer(815301076,1909f56bfc062723c751e8b465ee728b)
Start importing Assets/Resources/UI/UI/start_up_bg.jpg using Guid(19a5d9e3f559dac488aef922f5e7d198) Importer(815301076,1909f56bfc062723c751e8b465ee728b)  -> (artifact id: 'f8e619c3be04a9952ac7f2c63dd723b8') in 0.013254 seconds
Number of updated asset objects reloaded before import = 0
Number of asset objects unloaded after import = 2
========================================================================
Received Import Request.
  Time since last request: 0.000017 seconds.
  path: Assets/Resources/UI/UI/start_up_01_txt.png
  artifactKey: Guid(d43020ded3769944bb61a23a9a902491) Importer(815301076,1909f56bfc062723c751e8b465ee728b)
Start importing Assets/Resources/UI/UI/start_up_01_txt.png using Guid(d43020ded3769944bb61a23a9a902491) Importer(815301076,1909f56bfc062723c751e8b465ee728b)  -> (artifact id: 'd1f92ef0db662fb80187e04a03bfe15b') in 0.007923 seconds
Number of updated asset objects reloaded before import = 0
Number of asset objects unloaded after import = 2
========================================================================
Received Import Request.
  Time since last request: 1.380733 seconds.
  path: Assets/Resources/UI/UI/Common/main_chat_bg.png
  artifactKey: Guid(1ad53767a57961645b5432415d89e07f) Importer(815301076,1909f56bfc062723c751e8b465ee728b)
Start importing Assets/Resources/UI/UI/Common/main_chat_bg.png using Guid(1ad53767a57961645b5432415d89e07f) Importer(815301076,1909f56bfc062723c751e8b465ee728b)  -> (artifact id: '8e96ff41eaaf4d19c2eb40fd84e3b6cb') in 0.007311 seconds
Number of updated asset objects reloaded before import = 0
Number of asset objects unloaded after import = 2
========================================================================
Received Import Request.
  Time since last request: 0.000013 seconds.
  path: Assets/Resources/UI/UI/Common/main_icon_arena.png
  artifactKey: Guid(b4986174a21714c40b355f88bd4339dd) Importer(815301076,1909f56bfc062723c751e8b465ee728b)
Start importing Assets/Resources/UI/UI/Common/main_icon_arena.png using Guid(b4986174a21714c40b355f88bd4339dd) Importer(815301076,1909f56bfc062723c751e8b465ee728b)  -> (artifact id: 'd287f85f2ceedc700530c82ecf346248') in 0.009511 seconds
Number of updated asset objects reloaded before import = 0
Number of asset objects unloaded after import = 2
========================================================================
Received Import Request.
  Time since last request: 0.000020 seconds.
  path: Assets/Resources/UI/UI/Common/main_chat_btn_normal.png
  artifactKey: Guid(a7c46d6e7790c634690bc406f1814200) Importer(815301076,1909f56bfc062723c751e8b465ee728b)
Start importing Assets/Resources/UI/UI/Common/main_chat_btn_normal.png using Guid(a7c46d6e7790c634690bc406f1814200) Importer(815301076,1909f56bfc062723c751e8b465ee728b)  -> (artifact id: '548dd80a128fcb40ea80f3048c8f6768') in 0.007366 seconds
Number of updated asset objects reloaded before import = 0
Number of asset objects unloaded after import = 2
========================================================================
Received Import Request.
  Time since last request: 0.000015 seconds.
  path: Assets/Resources/UI/UI/Common/main_exp_bar.png
  artifactKey: Guid(0566eb5dac85aa946a1e6bc2f6c6baae) Importer(815301076,1909f56bfc062723c751e8b465ee728b)
Start importing Assets/Resources/UI/UI/Common/main_exp_bar.png using Guid(0566eb5dac85aa946a1e6bc2f6c6baae) Importer(815301076,1909f56bfc062723c751e8b465ee728b)  -> (artifact id: 'b58326e0f1055de218b2d9ce782c6a8d') in 0.005854 seconds
Number of updated asset objects reloaded before import = 0
Number of asset objects unloaded after import = 2
========================================================================
Received Import Request.
  Time since last request: 0.000078 seconds.
  path: Assets/Resources/UI/UI/Common/main_icon_adventure.png
  artifactKey: Guid(5205df402a387354f96f1bb7a9db483e) Importer(815301076,1909f56bfc062723c751e8b465ee728b)
Start importing Assets/Resources/UI/UI/Common/main_icon_adventure.png using Guid(5205df402a387354f96f1bb7a9db483e) Importer(815301076,1909f56bfc062723c751e8b465ee728b)  -> (artifact id: 'fc37ecb74415748d2c1e0ae5b4e7cd5a') in 0.010623 seconds
Number of updated asset objects reloaded before import = 0
Number of asset objects unloaded after import = 2
========================================================================
Received Import Request.
  Time since last request: 0.000017 seconds.
  path: Assets/Resources/UI/UI/Common/main_minimap_bg.png
  artifactKey: Guid(b186665d7a82ea345bf9f12437ddb7e9) Importer(815301076,1909f56bfc062723c751e8b465ee728b)
Start importing Assets/Resources/UI/UI/Common/main_minimap_bg.png using Guid(b186665d7a82ea345bf9f12437ddb7e9) Importer(815301076,1909f56bfc062723c751e8b465ee728b)  -> (artifact id: 'daec48529d60faa165f1c8d02caf65c6') in 0.008524 seconds
Number of updated asset objects reloaded before import = 0
Number of asset objects unloaded after import = 2
========================================================================
Received Import Request.
  Time since last request: 0.000017 seconds.
  path: Assets/Resources/UI/UI/Common/main_exp_bg.png
  artifactKey: Guid(37afd1ec18e73a046801a0471e9dc48f) Importer(815301076,1909f56bfc062723c751e8b465ee728b)
Start importing Assets/Resources/UI/UI/Common/main_exp_bg.png using Guid(37afd1ec18e73a046801a0471e9dc48f) Importer(815301076,1909f56bfc062723c751e8b465ee728b)  -> (artifact id: '3361f4cf001f2a09e8de346857e1d08c') in 0.007123 seconds
Number of updated asset objects reloaded before import = 0
Number of asset objects unloaded after import = 2
========================================================================
Received Import Request.
  Time since last request: 0.000018 seconds.
  path: Assets/Resources/UI/UI/Common/main_small_btn_tri.png
  artifactKey: Guid(8e4a9f52c3fb4664094f68bd246a9126) Importer(815301076,1909f56bfc062723c751e8b465ee728b)
Start importing Assets/Resources/UI/UI/Common/main_small_btn_tri.png using Guid(8e4a9f52c3fb4664094f68bd246a9126) Importer(815301076,1909f56bfc062723c751e8b465ee728b)  -> (artifact id: '3a4a791419769227c6095544ec8dfae1') in 0.010645 seconds
Number of updated asset objects reloaded before import = 0
Number of asset objects unloaded after import = 2
========================================================================
Received Import Request.
  Time since last request: 0.000015 seconds.
  path: Assets/Resources/UI/UI/Common/main_hp_bar.png
  artifactKey: Guid(a0ac09506e0223d4a8da9dbcd5f5e264) Importer(815301076,1909f56bfc062723c751e8b465ee728b)
Start importing Assets/Resources/UI/UI/Common/main_hp_bar.png using Guid(a0ac09506e0223d4a8da9dbcd5f5e264) Importer(815301076,1909f56bfc062723c751e8b465ee728b)  -> (artifact id: '3167cb59c959ec2d3c00484febcff22a') in 0.007319 seconds
Number of updated asset objects reloaded before import = 0
Number of asset objects unloaded after import = 2
========================================================================
Received Import Request.
  Time since last request: 0.000018 seconds.
  path: Assets/Resources/UI/UI/Common/main_icon_bag.png
  artifactKey: Guid(d8755da0273e11c4a8945718221943f4) Importer(815301076,1909f56bfc062723c751e8b465ee728b)
Start importing Assets/Resources/UI/UI/Common/main_icon_bag.png using Guid(d8755da0273e11c4a8945718221943f4) Importer(815301076,1909f56bfc062723c751e8b465ee728b)  -> (artifact id: 'e35fc9fdb8a681c904721464a7c88b9f') in 0.006264 seconds
Number of updated asset objects reloaded before import = 0
Number of asset objects unloaded after import = 2
========================================================================
Received Import Request.
  Time since last request: 1.833487 seconds.
  path: Assets/Resources/UI/UI/Fonts/numbers.png
  artifactKey: Guid(c3431d4802ecbcf4bbee5155a9cc99ef) Importer(815301076,1909f56bfc062723c751e8b465ee728b)
Start importing Assets/Resources/UI/UI/Fonts/numbers.png using Guid(c3431d4802ecbcf4bbee5155a9cc99ef) Importer(815301076,1909f56bfc062723c751e8b465ee728b)  -> (artifact id: '1940892de44a513f47a96a89f3c47597') in 0.005661 seconds
Number of updated asset objects reloaded before import = 0
Number of asset objects unloaded after import = 2
========================================================================
Received Import Request.
  Time since last request: 0.000024 seconds.
  path: Assets/Resources/UI/UI/Login/b.png
  artifactKey: Guid(72cd0144b2d2ca945baf9c3f80b4435f) Importer(815301076,1909f56bfc062723c751e8b465ee728b)
Start importing Assets/Resources/UI/UI/Login/b.png using Guid(72cd0144b2d2ca945baf9c3f80b4435f) Importer(815301076,1909f56bfc062723c751e8b465ee728b)  -> (artifact id: '421123cb0d9b13bc9f4421dda8da86cd') in 0.009435 seconds
Number of updated asset objects reloaded before import = 0
Number of asset objects unloaded after import = 2
========================================================================
Received Import Request.
  Time since last request: 0.000021 seconds.
  path: Assets/Resources/UI/UI/Icons/item_icon_exp2.png
  artifactKey: Guid(dfdc98abceaad394b8de4e5d09e3893c) Importer(815301076,1909f56bfc062723c751e8b465ee728b)
Start importing Assets/Resources/UI/UI/Icons/item_icon_exp2.png using Guid(dfdc98abceaad394b8de4e5d09e3893c) Importer(815301076,1909f56bfc062723c751e8b465ee728b)  -> (artifact id: 'db08412341aaa84ab1099ffcce2c98f6') in 0.005774 seconds
Number of updated asset objects reloaded before import = 0
Number of asset objects unloaded after import = 2
========================================================================
Received Import Request.
  Time since last request: 0.000023 seconds.
  path: Assets/Resources/UI/UI/Login/3.png
  artifactKey: Guid(d109def49fddd7b4db0b87c110604979) Importer(815301076,1909f56bfc062723c751e8b465ee728b)
Start importing Assets/Resources/UI/UI/Login/3.png using Guid(d109def49fddd7b4db0b87c110604979) Importer(815301076,1909f56bfc062723c751e8b465ee728b)  -> (artifact id: '908ac5b282ba624b4ef25c88d92251df') in 0.014630 seconds
Number of updated asset objects reloaded before import = 0
Number of asset objects unloaded after import = 2
========================================================================
Received Import Request.
  Time since last request: 0.000024 seconds.
  path: Assets/Resources/UI/UI/Login/check_box_flag.png
  artifactKey: Guid(3a1b80fe7f8549d4d8993c1274b799a4) Importer(815301076,1909f56bfc062723c751e8b465ee728b)
Start importing Assets/Resources/UI/UI/Login/check_box_flag.png using Guid(3a1b80fe7f8549d4d8993c1274b799a4) Importer(815301076,1909f56bfc062723c751e8b465ee728b)  -> (artifact id: '02ad839ec97c277bfa350b9a59081e25') in 0.005170 seconds
Number of updated asset objects reloaded before import = 0
Number of asset objects unloaded after import = 2
========================================================================
Received Import Request.
  Time since last request: 0.000021 seconds.
  path: Assets/Resources/UI/UI/Login/ddd.png
  artifactKey: Guid(789d7f097fad9014eaa92f78468845e1) Importer(815301076,1909f56bfc062723c751e8b465ee728b)
Start importing Assets/Resources/UI/UI/Login/ddd.png using Guid(789d7f097fad9014eaa92f78468845e1) Importer(815301076,1909f56bfc062723c751e8b465ee728b)  -> (artifact id: 'ea4aa908a683664858c4daa8dbd31f49') in 0.006241 seconds
Number of updated asset objects reloaded before import = 0
Number of asset objects unloaded after import = 2
========================================================================
Received Import Request.
  Time since last request: 0.000020 seconds.
  path: Assets/Resources/UI/UI/Login/f3.png
  artifactKey: Guid(85baa6ec777b4bb408a01d513d67978f) Importer(815301076,1909f56bfc062723c751e8b465ee728b)
Start importing Assets/Resources/UI/UI/Login/f3.png using Guid(85baa6ec777b4bb408a01d513d67978f) Importer(815301076,1909f56bfc062723c751e8b465ee728b)  -> (artifact id: '62e70184dd7b3cc31a175df9aea17ac3') in 0.009047 seconds
Number of updated asset objects reloaded before import = 0
Number of asset objects unloaded after import = 2
========================================================================
Received Import Request.
  Time since last request: 0.000018 seconds.
  path: Assets/Resources/UI/UI/Login/g.png
  artifactKey: Guid(730203acc2aa0104d81be75607130711) Importer(815301076,1909f56bfc062723c751e8b465ee728b)
Start importing Assets/Resources/UI/UI/Login/g.png using Guid(730203acc2aa0104d81be75607130711) Importer(815301076,1909f56bfc062723c751e8b465ee728b)  -> (artifact id: '6f9fec6d8a3c9405ad4a21f011a98d60') in 0.006685 seconds
Number of updated asset objects reloaded before import = 0
Number of asset objects unloaded after import = 2
========================================================================
Received Import Request.
  Time since last request: 0.000021 seconds.
  path: Assets/Resources/UI/UI/Login/g1.png
  artifactKey: Guid(8fac32a7d30aacf4187c0594ae3a541e) Importer(815301076,1909f56bfc062723c751e8b465ee728b)
Start importing Assets/Resources/UI/UI/Login/g1.png using Guid(8fac32a7d30aacf4187c0594ae3a541e) Importer(815301076,1909f56bfc062723c751e8b465ee728b)  -> (artifact id: '2ef476180689895e0e514f9a79f70e0a') in 0.006503 seconds
Number of updated asset objects reloaded before import = 0
Number of asset objects unloaded after import = 2
========================================================================
Received Import Request.
  Time since last request: 0.000020 seconds.
  path: Assets/Resources/UI/UI/Icons/icon_error.png
  artifactKey: Guid(b5ae669faebf0054fa094dee51ab09bc) Importer(815301076,1909f56bfc062723c751e8b465ee728b)
Start importing Assets/Resources/UI/UI/Icons/icon_error.png using Guid(b5ae669faebf0054fa094dee51ab09bc) Importer(815301076,1909f56bfc062723c751e8b465ee728b)  -> (artifact id: '4b16926db40cfa9af0fb9f1b5a4c04aa') in 0.005055 seconds
Number of updated asset objects reloaded before import = 0
Number of asset objects unloaded after import = 2
========================================================================
Received Import Request.
  Time since last request: 0.000021 seconds.
  path: Assets/Resources/UI/UI/Icons/item_icon_posion.png
  artifactKey: Guid(5822919446048df4abf2051108da749b) Importer(815301076,1909f56bfc062723c751e8b465ee728b)
Start importing Assets/Resources/UI/UI/Icons/item_icon_posion.png using Guid(5822919446048df4abf2051108da749b) Importer(815301076,1909f56bfc062723c751e8b465ee728b)  -> (artifact id: '7827da3897b67b1bfc94913bb9fd8abc') in 0.005454 seconds
Number of updated asset objects reloaded before import = 0
Number of asset objects unloaded after import = 2
========================================================================
Received Import Request.
  Time since last request: 0.000026 seconds.
  path: Assets/Resources/UI/UI/Login/ff1.png
  artifactKey: Guid(7e058ed9943930c4c8045856b42b29d0) Importer(815301076,1909f56bfc062723c751e8b465ee728b)
Start importing Assets/Resources/UI/UI/Login/ff1.png using Guid(7e058ed9943930c4c8045856b42b29d0) Importer(815301076,1909f56bfc062723c751e8b465ee728b)  -> (artifact id: '4ee8fb6c536988571b04e21b495f9567') in 0.005433 seconds
Number of updated asset objects reloaded before import = 0
Number of asset objects unloaded after import = 2
========================================================================
Received Import Request.
  Time since last request: 0.000016 seconds.
  path: Assets/Resources/UI/UI/Login/btn_login.png
  artifactKey: Guid(8ea3ef187af6be54bb4d63e0bccb972f) Importer(815301076,1909f56bfc062723c751e8b465ee728b)
Start importing Assets/Resources/UI/UI/Login/btn_login.png using Guid(8ea3ef187af6be54bb4d63e0bccb972f) Importer(815301076,1909f56bfc062723c751e8b465ee728b)  -> (artifact id: 'f2323d8c229e4316fc1c214605dedaa5') in 0.005669 seconds
Number of updated asset objects reloaded before import = 0
Number of asset objects unloaded after import = 2
========================================================================
Received Import Request.
  Time since last request: 0.000023 seconds.
  path: Assets/Resources/UI/UI/Login/bj.png
  artifactKey: Guid(255521c733a6008439f46eed9670e196) Importer(815301076,1909f56bfc062723c751e8b465ee728b)
Start importing Assets/Resources/UI/UI/Login/bj.png using Guid(255521c733a6008439f46eed9670e196) Importer(815301076,1909f56bfc062723c751e8b465ee728b)  -> (artifact id: '9e99642dedee4a6f7c78054ce145769a') in 0.005964 seconds
Number of updated asset objects reloaded before import = 0
Number of asset objects unloaded after import = 2
========================================================================
Received Import Request.
  Time since last request: 0.000029 seconds.
  path: Assets/Resources/UI/UI/Icons/icon_question.png
  artifactKey: Guid(90341090c9baefc40b27a3ea89080e05) Importer(815301076,1909f56bfc062723c751e8b465ee728b)
Start importing Assets/Resources/UI/UI/Icons/icon_question.png using Guid(90341090c9baefc40b27a3ea89080e05) Importer(815301076,1909f56bfc062723c751e8b465ee728b)  -> (artifact id: 'd34d05d2c09702c9357843e9d171b9bb') in 0.005712 seconds
Number of updated asset objects reloaded before import = 0
Number of asset objects unloaded after import = 2
========================================================================
Received Import Request.
  Time since last request: 0.000020 seconds.
  path: Assets/Resources/UI/UI/Login/btn_register.png
  artifactKey: Guid(1b1d2624ec49ba24b98d5e846d7b31be) Importer(815301076,1909f56bfc062723c751e8b465ee728b)
Start importing Assets/Resources/UI/UI/Login/btn_register.png using Guid(1b1d2624ec49ba24b98d5e846d7b31be) Importer(815301076,1909f56bfc062723c751e8b465ee728b)  -> (artifact id: '39a2735232f55312e5bb3f3984b44283') in 0.006336 seconds
Number of updated asset objects reloaded before import = 0
Number of asset objects unloaded after import = 2
========================================================================
Received Import Request.
  Time since last request: 0.000017 seconds.
  path: Assets/Resources/UI/UI/Login/bg.png
  artifactKey: Guid(737d0dd63069ac44ca95506e40de09a1) Importer(815301076,1909f56bfc062723c751e8b465ee728b)
Start importing Assets/Resources/UI/UI/Login/bg.png using Guid(737d0dd63069ac44ca95506e40de09a1) Importer(815301076,1909f56bfc062723c751e8b465ee728b)  -> (artifact id: 'cfefe86974eb98bd051c93be720109a2') in 0.008120 seconds
Number of updated asset objects reloaded before import = 0
Number of asset objects unloaded after import = 2
========================================================================
Received Import Request.
  Time since last request: 0.000025 seconds.
  path: Assets/Resources/UI/UI/Login/2.png
  artifactKey: Guid(0404ba7e44aa0c947a2f4b18d71d40ba) Importer(815301076,1909f56bfc062723c751e8b465ee728b)
Start importing Assets/Resources/UI/UI/Login/2.png using Guid(0404ba7e44aa0c947a2f4b18d71d40ba) Importer(815301076,1909f56bfc062723c751e8b465ee728b)  -> (artifact id: 'e9192bc91cc618454a4adc1ca1c7db87') in 0.005310 seconds
Number of updated asset objects reloaded before import = 0
Number of asset objects unloaded after import = 2
Editor requested this worker to shutdown with reason: Scaling down because of idle timeout
TcpMessagingSession - receive error: operation aborted. errorcode: 995, details: 由于线程退出或应用程序请求，已中止 I/O 操作。
AssetImportWorker is now disconnected from the server
Process exiting
Exiting without the bug reporter. Application will terminate with return code 0