Using pre-set license
Built from '2022.3/china_unity/release' branch; Version is '2022.3.30f1c1 (a6dc00fbe362) revision 10935296'; Using compiler version '192829333'; Build Type 'Release'
OS: 'Windows 11  (10.0.22631) 64bit Professional' Language: 'zh' Physical Memory: 15613 MB
BatchMode: 1, IsHumanControllingUs: 0, StartBugReporterOnCrash: 0, Is64bit: 1, IsPro: 1

COMMAND LINE ARGUMENTS:
C:\Apps\Unity Hub\Unity\Hub\Editor\2022.3.30f1c1\Editor\Unity.exe
-adb2
-batchMode
-noUpm
-name
AssetImportWorker0
-projectPath
F:/Unity/Projects/24.10.3ExtremeWorld/Src/Client
-logFile
Logs/AssetImportWorker0.log
-srvPort
52908
Successfully changed project path to: F:/Unity/Projects/24.10.3ExtremeWorld/Src/Client
F:/Unity/Projects/24.10.3ExtremeWorld/Src/Client
[UnityMemory] Configuration Parameters - Can be set up in boot.config
    "memorysetup-bucket-allocator-granularity=16"
    "memorysetup-bucket-allocator-bucket-count=8"
    "memorysetup-bucket-allocator-block-size=33554432"
    "memorysetup-bucket-allocator-block-count=8"
    "memorysetup-main-allocator-block-size=16777216"
    "memorysetup-thread-allocator-block-size=16777216"
    "memorysetup-gfx-main-allocator-block-size=16777216"
    "memorysetup-gfx-thread-allocator-block-size=16777216"
    "memorysetup-cache-allocator-block-size=4194304"
    "memorysetup-typetree-allocator-block-size=2097152"
    "memorysetup-profiler-bucket-allocator-granularity=16"
    "memorysetup-profiler-bucket-allocator-bucket-count=8"
    "memorysetup-profiler-bucket-allocator-block-size=33554432"
    "memorysetup-profiler-bucket-allocator-block-count=8"
    "memorysetup-profiler-allocator-block-size=16777216"
    "memorysetup-profiler-editor-allocator-block-size=1048576"
    "memorysetup-temp-allocator-size-main=16777216"
    "memorysetup-job-temp-allocator-block-size=2097152"
    "memorysetup-job-temp-allocator-block-size-background=1048576"
    "memorysetup-job-temp-allocator-reduction-small-platforms=262144"
    "memorysetup-allocator-temp-initial-block-size-main=262144"
    "memorysetup-allocator-temp-initial-block-size-worker=262144"
    "memorysetup-temp-allocator-size-background-worker=32768"
    "memorysetup-temp-allocator-size-job-worker=262144"
    "memorysetup-temp-allocator-size-preload-manager=33554432"
    "memorysetup-temp-allocator-size-nav-mesh-worker=65536"
    "memorysetup-temp-allocator-size-audio-worker=65536"
    "memorysetup-temp-allocator-size-cloud-worker=32768"
    "memorysetup-temp-allocator-size-gi-baking-worker=262144"
    "memorysetup-temp-allocator-size-gfx=262144"
Player connection [26796] Host "[IP] 192.168.145.1 [Port] 0 [Flags] 2 [Guid] 1561228374 [EditorId] 1561228374 [Version] 1048832 [Id] WindowsEditor(7,LAPTOP-H7TM5C4L) [Debug] 1 [PackageName] WindowsEditor [ProjectName] Editor" joined multi-casting on [225.0.0.222:54997]...

Player connection [26796] Host "[IP] 192.168.145.1 [Port] 0 [Flags] 2 [Guid] 1561228374 [EditorId] 1561228374 [Version] 1048832 [Id] WindowsEditor(7,LAPTOP-H7TM5C4L) [Debug] 1 [PackageName] WindowsEditor [ProjectName] Editor" joined alternative multi-casting on [225.0.0.222:34997]...

[Physics::Module] Initialized MultithreadedJobDispatcher with 15 workers.
Refreshing native plugins compatible for Editor in 34.67 ms, found 2 plugins.
Preloading 0 native plugins for Editor in 0.00 ms.
Initialize engine version: 2022.3.30f1c1 (a6dc00fbe362)
[Subsystems] Discovering subsystems at path C:/Apps/Unity Hub/Unity/Hub/Editor/2022.3.30f1c1/Editor/Data/Resources/UnitySubsystems
[Subsystems] Discovering subsystems at path F:/Unity/Projects/24.10.3ExtremeWorld/Src/Client/Assets
GfxDevice: creating device client; threaded=0; jobified=0
Direct3D:
    Version:  Direct3D 11.0 [level 11.1]
    Renderer: NVIDIA GeForce RTX 3060 Laptop GPU (ID=0x2520)
    Vendor:   NVIDIA
    VRAM:     5996 MB
    Driver:   32.0.15.6094
Initialize mono
Mono path[0] = 'C:/Apps/Unity Hub/Unity/Hub/Editor/2022.3.30f1c1/Editor/Data/Managed'
Mono path[1] = 'C:/Apps/Unity Hub/Unity/Hub/Editor/2022.3.30f1c1/Editor/Data/MonoBleedingEdge/lib/mono/unityjit-win32'
Mono config path = 'C:/Apps/Unity Hub/Unity/Hub/Editor/2022.3.30f1c1/Editor/Data/MonoBleedingEdge/etc'
Using monoOptions --debugger-agent=transport=dt_socket,embedding=1,server=y,suspend=n,address=127.0.0.1:56892
Begin MonoManager ReloadAssembly
Registering precompiled unity dll's ...
Register platform support module: C:/Apps/Unity Hub/Unity/Hub/Editor/2022.3.30f1c1/Editor/Data/PlaybackEngines/AndroidPlayer/UnityEditor.Android.Extensions.dll
Register platform support module: C:/Apps/Unity Hub/Unity/Hub/Editor/2022.3.30f1c1/Editor/Data/PlaybackEngines/WindowsStandaloneSupport/UnityEditor.WindowsStandalone.Extensions.dll
Registered in 0.018760 seconds.
- Loaded All Assemblies, in  0.447 seconds
Native extension for WindowsStandalone target not found
Native extension for Android target not found
Android Extension - Scanning For ADB Devices 516 ms
Mono: successfully reloaded assembly
- Finished resetting the current domain, in  0.899 seconds
Domain Reload Profiling: 1342ms
	BeginReloadAssembly (126ms)
		ExecutionOrderSort (0ms)
		DisableScriptedObjects (0ms)
		BackupInstance (0ms)
		ReleaseScriptingObjects (0ms)
		CreateAndSetChildDomain (1ms)
	RebuildCommonClasses (50ms)
	RebuildNativeTypeToScriptingClass (18ms)
	initialDomainReloadingComplete (92ms)
	LoadAllAssembliesAndSetupDomain (157ms)
		LoadAssemblies (122ms)
		RebuildTransferFunctionScriptingTraits (0ms)
		AnalyzeDomain (153ms)
			TypeCache.Refresh (152ms)
				TypeCache.ScanAssembly (135ms)
			ScanForSourceGeneratedMonoScriptInfo (0ms)
			ResolveRequiredComponents (1ms)
	FinalizeReload (899ms)
		ReleaseScriptCaches (0ms)
		RebuildScriptCaches (0ms)
		SetupLoadedEditorAssemblies (832ms)
			LogAssemblyErrors (0ms)
			InitializePlatformSupportModulesInManaged (643ms)
			SetLoadedEditorAssemblies (5ms)
			RefreshPlugins (0ms)
			BeforeProcessingInitializeOnLoad (3ms)
			ProcessInitializeOnLoadAttributes (127ms)
			ProcessInitializeOnLoadMethodAttributes (54ms)
			AfterProcessingInitializeOnLoad (0ms)
			EditorAssembliesLoaded (0ms)
		ExecutionOrderSort2 (0ms)
		AwakeInstancesAfterBackupRestoration (0ms)
========================================================================
Worker process is ready to serve import requests
Begin MonoManager ReloadAssembly
Duplicate assembly 'log4net.dll' with different versions detected, using 'Assets/References/log4net.dll, AssemblyName=log4net, Version=2.0.8.0, Culture=neutral, PublicKeyToken=null' and ignoring 'Packages/com.unity.collab-proxy/Lib/Editor/PlasticSCM/log4netPlastic.dll, AssemblyName=log4net, Version=1.2.15.0, Culture=neutral, PublicKeyToken=669e0ddf0bb1aa2a'.Duplicate assembly 'Newtonsoft.Json.dll' with different versions detected, using 'Packages/com.unity.nuget.newtonsoft-json/Runtime/Newtonsoft.Json.dll, AssemblyName=Newtonsoft.Json, Version=13.0.0.0, Culture=neutral, PublicKeyToken=30ad4fe6b2a6aeed' and ignoring 'Assets/JsonDotNet/Assemblies/Standalone/Newtonsoft.Json.dll, AssemblyName=Newtonsoft.Json, Version=8.0.0.0, Culture=neutral, PublicKeyToken=null'.Symbol file LoadedFromMemory is not a mono symbol file
Symbol file LoadedFromMemory is not a mono symbol file
Symbol file LoadedFromMemory doesn't match image F:\Unity\Projects\24.10.3ExtremeWorld\Src\Client\Assets\References\Common.dll
- Loaded All Assemblies, in  0.768 seconds
Refreshing native plugins compatible for Editor in 13.04 ms, found 2 plugins.
Native extension for WindowsStandalone target not found
Native extension for Android target not found
Package Manager log level set to [2]
[Package Manager] Server::EnsureServerProcessIsRunning -- launch failed, reason: Unity was launched with the -noUpm command-line argument
[Package Manager] UpmClient::Send -- Unable to send message (not connected to UPM process).
[Package Manager] Cannot connect to Unity Package Manager local server
Mono: successfully reloaded assembly
- Finished resetting the current domain, in  1.143 seconds
Domain Reload Profiling: 1905ms
	BeginReloadAssembly (157ms)
		ExecutionOrderSort (0ms)
		DisableScriptedObjects (5ms)
		BackupInstance (0ms)
		ReleaseScriptingObjects (0ms)
		CreateAndSetChildDomain (26ms)
	RebuildCommonClasses (33ms)
	RebuildNativeTypeToScriptingClass (10ms)
	initialDomainReloadingComplete (52ms)
	LoadAllAssembliesAndSetupDomain (510ms)
		LoadAssemblies (424ms)
		RebuildTransferFunctionScriptingTraits (0ms)
		AnalyzeDomain (177ms)
			TypeCache.Refresh (154ms)
				TypeCache.ScanAssembly (124ms)
			ScanForSourceGeneratedMonoScriptInfo (20ms)
			ResolveRequiredComponents (3ms)
	FinalizeReload (1144ms)
		ReleaseScriptCaches (0ms)
		RebuildScriptCaches (0ms)
		SetupLoadedEditorAssemblies (981ms)
			LogAssemblyErrors (0ms)
			InitializePlatformSupportModulesInManaged (31ms)
			SetLoadedEditorAssemblies (7ms)
			RefreshPlugins (0ms)
			BeforeProcessingInitializeOnLoad (94ms)
			ProcessInitializeOnLoadAttributes (651ms)
			ProcessInitializeOnLoadMethodAttributes (183ms)
			AfterProcessingInitializeOnLoad (14ms)
			EditorAssembliesLoaded (0ms)
		ExecutionOrderSort2 (0ms)
		AwakeInstancesAfterBackupRestoration (7ms)
Launched and connected shader compiler UnityShaderCompiler.exe after 0.08 seconds
Refreshing native plugins compatible for Editor in 14.29 ms, found 2 plugins.
Preloading 0 native plugins for Editor in 0.00 ms.
Unloading 2528 Unused Serialized files (Serialized files now loaded: 0)
Unloading 71 unused Assets / (76.2 KB). Loaded Objects now: 2988.
Memory consumption went from 125.1 MB to 125.0 MB.
Total: 8.943000 ms (FindLiveObjects: 0.225900 ms CreateObjectMapping: 0.095400 ms MarkObjects: 8.423900 ms  DeleteObjects: 0.196200 ms)

AssetImportParameters requested are different than current active one (requested -> active):
  custom:video-decoder-webm-vp8: 9c59270c3fd7afecdb556c50c9e8de78 -> 
  custom:SearchIndexIgnoredProperties: e643bd26f0fe6173181afceb89e7c659 -> 
  custom:container-demuxer-ogg: 62fdf1f143b41e24485cea50d1cbac27 -> 
  custom:AudioImporter_EditorPlatform: d09bf68614088b80899f8185d706f6e7 -> 
  custom:video-codec-MediaFoundation-h265: 746d11721c4dcdbdad8f713fa42b33f4 -> 
  custom:video-decoder-ogg-theora: a1e56fd34408186e4bbccfd4996cb3dc -> 
  custom:framework-win-MediaFoundation: 216162199b28c13a410421893ffa2e32 -> 
  custom:video-encoder-webm-vp8: eb34c28f22e8b96e1ab97ce403110664 -> 
  custom:audio-decoder-ogg-vorbis: bf7c407c2cedff20999df2af8eb42d56 -> 
  custom:CustomObjectIndexerAttribute: 9a22284fe3817be447336de3de66b15e -> 
  custom:container-demuxer-webm: 4f35f7cbe854078d1ac9338744f61a02 -> 
  custom:audio-encoder-webm-vorbis: bf7c407c2cedff20999df2af8eb42d56 -> 
  custom:container-muxer-webm: aa71ff27fc2769a1b78a27578f13a17b -> 
========================================================================
Received Import Request.
  Time since last request: 4633.318442 seconds.
  path: Assets/Levels/Untitled.unity
  artifactKey: Guid(7fdb46ba65dcecc40bfc2c3facff7078) Importer(815301076,1909f56bfc062723c751e8b465ee728b)
Start importing Assets/Levels/Untitled.unity using Guid(7fdb46ba65dcecc40bfc2c3facff7078) Importer(815301076,1909f56bfc062723c751e8b465ee728b)  -> (artifact id: '75a062c0aa515add7eb4e0dc9846e8b1') in 0.004049 seconds
Number of updated asset objects reloaded before import = 0
Number of asset objects unloaded after import = 0
========================================================================
Received Import Request.
  Time since last request: 20.420196 seconds.
  path: Assets/Levels/Test.unity
  artifactKey: Guid(7fdb46ba65dcecc40bfc2c3facff7078) Importer(815301076,1909f56bfc062723c751e8b465ee728b)
Start importing Assets/Levels/Test.unity using Guid(7fdb46ba65dcecc40bfc2c3facff7078) Importer(815301076,1909f56bfc062723c751e8b465ee728b)  -> (artifact id: 'dd6dfc9b9401f88db07b34132b90a7f9') in 0.000640 seconds
Number of updated asset objects reloaded before import = 0
Number of asset objects unloaded after import = 0
========================================================================
Received Import Request.
  Time since last request: 1.478592 seconds.
  path: Assets/Levels
  artifactKey: Guid(4ee54f5880f3a6d44b5c2df91ca85af9) Importer(815301076,1909f56bfc062723c751e8b465ee728b)
Start importing Assets/Levels using Guid(4ee54f5880f3a6d44b5c2df91ca85af9) Importer(815301076,1909f56bfc062723c751e8b465ee728b)  -> (artifact id: '9652e09a97ea72cd0547f8bb857b1ad3') in 0.000562 seconds
Number of updated asset objects reloaded before import = 0
Number of asset objects unloaded after import = 0
========================================================================
Received Import Request.
  Time since last request: 915.572748 seconds.
  path: Assets/Resources/UI
  artifactKey: Guid(044df89341e5ecf468f0f4a7b889779a) Importer(815301076,1909f56bfc062723c751e8b465ee728b)
Start importing Assets/Resources/UI using Guid(044df89341e5ecf468f0f4a7b889779a) Importer(815301076,1909f56bfc062723c751e8b465ee728b)  -> (artifact id: '6765cc06dc9bf4f908cf46c09a973329') in 0.000596 seconds
Number of updated asset objects reloaded before import = 0
Number of asset objects unloaded after import = 0
========================================================================
Received Import Request.
  Time since last request: 429.869041 seconds.
  path: Assets/Resources/UI/UI/bg01.png
  artifactKey: Guid(f38d07dc553420249974b060756e9961) Importer(815301076,1909f56bfc062723c751e8b465ee728b)
Start importing Assets/Resources/UI/UI/bg01.png using Guid(f38d07dc553420249974b060756e9961) Importer(815301076,1909f56bfc062723c751e8b465ee728b)  -> (artifact id: '0e4bfba332ea7d2a134f6d41facfcce0') in 0.051953 seconds
Number of updated asset objects reloaded before import = 0
Number of asset objects unloaded after import = 2
========================================================================
Received Import Request.
  Time since last request: 0.031585 seconds.
  path: Assets/Resources/UI/UI/game_title.png
  artifactKey: Guid(f2fbdf3e8fdd3da4496bf452967177db) Importer(815301076,1909f56bfc062723c751e8b465ee728b)
Start importing Assets/Resources/UI/UI/game_title.png using Guid(f2fbdf3e8fdd3da4496bf452967177db) Importer(815301076,1909f56bfc062723c751e8b465ee728b)  -> (artifact id: '1786e9d74b137b49b8559228a353b0dc') in 0.006498 seconds
Number of updated asset objects reloaded before import = 0
Number of asset objects unloaded after import = 2
========================================================================
Received Import Request.
  Time since last request: 0.077494 seconds.
  path: Assets/Resources/UI/UI/play.jpg
  artifactKey: Guid(e85e8a462f2a48547be0a5ccc79bfc73) Importer(815301076,1909f56bfc062723c751e8b465ee728b)
Start importing Assets/Resources/UI/UI/play.jpg using Guid(e85e8a462f2a48547be0a5ccc79bfc73) Importer(815301076,1909f56bfc062723c751e8b465ee728b)  -> (artifact id: '439787c0509b813ca927eeea1b9e4037') in 0.009004 seconds
Number of updated asset objects reloaded before import = 0
Number of asset objects unloaded after import = 2
========================================================================
Received Import Request.
  Time since last request: 0.000026 seconds.
  path: Assets/Resources/UI/UI/logo.png
  artifactKey: Guid(ea9fc37b420145a498b711385e6b964b) Importer(815301076,1909f56bfc062723c751e8b465ee728b)
Start importing Assets/Resources/UI/UI/logo.png using Guid(ea9fc37b420145a498b711385e6b964b) Importer(815301076,1909f56bfc062723c751e8b465ee728b)  -> (artifact id: '0ac63a9f772a641802f2ed9acfabe26a') in 0.017419 seconds
Number of updated asset objects reloaded before import = 0
Number of asset objects unloaded after import = 2
========================================================================
Received Import Request.
  Time since last request: 0.000019 seconds.
  path: Assets/Resources/UI/UI/start_up_01.png
  artifactKey: Guid(78336a0cf19a4dc48830961cbc182663) Importer(815301076,1909f56bfc062723c751e8b465ee728b)
Start importing Assets/Resources/UI/UI/start_up_01.png using Guid(78336a0cf19a4dc48830961cbc182663) Importer(815301076,1909f56bfc062723c751e8b465ee728b)  -> (artifact id: 'baca933a91425731bd599e0238189e75') in 0.006011 seconds
Number of updated asset objects reloaded before import = 0
Number of asset objects unloaded after import = 2
========================================================================
Received Import Request.
  Time since last request: 0.000014 seconds.
  path: Assets/Resources/UI/UI/loading.jpg
  artifactKey: Guid(ddc893a9d9cc6124b8683fdc63c62da3) Importer(815301076,1909f56bfc062723c751e8b465ee728b)
Start importing Assets/Resources/UI/UI/loading.jpg using Guid(ddc893a9d9cc6124b8683fdc63c62da3) Importer(815301076,1909f56bfc062723c751e8b465ee728b)  -> (artifact id: '0993b004bb1317183d31e94474a5980d') in 0.006129 seconds
Number of updated asset objects reloaded before import = 0
Number of asset objects unloaded after import = 2
========================================================================
Received Import Request.
  Time since last request: 0.000216 seconds.
  path: Assets/Resources/UI/UI/register.jpg
  artifactKey: Guid(1e2c06ef0bdaeb547b58bd9e9bd586aa) Importer(815301076,1909f56bfc062723c751e8b465ee728b)
Start importing Assets/Resources/UI/UI/register.jpg using Guid(1e2c06ef0bdaeb547b58bd9e9bd586aa) Importer(815301076,1909f56bfc062723c751e8b465ee728b)  -> (artifact id: '2c3893d051cd37f4009f833f59d88924') in 0.013436 seconds
Number of updated asset objects reloaded before import = 0
Number of asset objects unloaded after import = 2
========================================================================
Received Import Request.
  Time since last request: 1.375250 seconds.
  path: Assets/Resources/UI/UI/Common/main_avater_bg.png
  artifactKey: Guid(89cd5042bd16a184abca0afa32efc99b) Importer(815301076,1909f56bfc062723c751e8b465ee728b)
Start importing Assets/Resources/UI/UI/Common/main_avater_bg.png using Guid(89cd5042bd16a184abca0afa32efc99b) Importer(815301076,1909f56bfc062723c751e8b465ee728b)  -> (artifact id: '7d6eaacf47a4f13bce3b7e2be29cc9f5') in 0.006310 seconds
Number of updated asset objects reloaded before import = 0
Number of asset objects unloaded after import = 2
========================================================================
Received Import Request.
  Time since last request: 0.000014 seconds.
  path: Assets/Resources/UI/UI/Common/main_exp_colume.png
  artifactKey: Guid(503c9edda8082694695251c6b0142a6b) Importer(815301076,1909f56bfc062723c751e8b465ee728b)
Start importing Assets/Resources/UI/UI/Common/main_exp_colume.png using Guid(503c9edda8082694695251c6b0142a6b) Importer(815301076,1909f56bfc062723c751e8b465ee728b)  -> (artifact id: '845e6af87c2d3bac77e1c996309a563f') in 0.009543 seconds
Number of updated asset objects reloaded before import = 0
Number of asset objects unloaded after import = 2
========================================================================
Received Import Request.
  Time since last request: 0.000017 seconds.
  path: Assets/Resources/UI/UI/Common/main_icon_slot.png
  artifactKey: Guid(63c917eaea7026a43b2d040f65ae7d80) Importer(815301076,1909f56bfc062723c751e8b465ee728b)
Start importing Assets/Resources/UI/UI/Common/main_icon_slot.png using Guid(63c917eaea7026a43b2d040f65ae7d80) Importer(815301076,1909f56bfc062723c751e8b465ee728b)  -> (artifact id: 'df0bdeb3cbc69bd50fe5609eeb77ae6e') in 0.008384 seconds
Number of updated asset objects reloaded before import = 0
Number of asset objects unloaded after import = 2
========================================================================
Received Import Request.
  Time since last request: 0.000018 seconds.
  path: Assets/Resources/UI/UI/Common/main_chat_btn_active.png
  artifactKey: Guid(2e66101131d6f96458907454fcba801a) Importer(815301076,1909f56bfc062723c751e8b465ee728b)
Start importing Assets/Resources/UI/UI/Common/main_chat_btn_active.png using Guid(2e66101131d6f96458907454fcba801a) Importer(815301076,1909f56bfc062723c751e8b465ee728b)  -> (artifact id: 'ecea1a5a221b59e199b48ddc0312d8e8') in 0.006401 seconds
Number of updated asset objects reloaded before import = 0
Number of asset objects unloaded after import = 2
========================================================================
Received Import Request.
  Time since last request: 0.000018 seconds.
  path: Assets/Resources/UI/UI/Common/main_scroll_btn.png
  artifactKey: Guid(c3b7a6514fc450b49a972b60ab4d39d8) Importer(815301076,1909f56bfc062723c751e8b465ee728b)
Start importing Assets/Resources/UI/UI/Common/main_scroll_btn.png using Guid(c3b7a6514fc450b49a972b60ab4d39d8) Importer(815301076,1909f56bfc062723c751e8b465ee728b)  -> (artifact id: 'a4f6b709d50ff5cabed72966de35a220') in 0.005735 seconds
Number of updated asset objects reloaded before import = 0
Number of asset objects unloaded after import = 2
========================================================================
Received Import Request.
  Time since last request: 0.000016 seconds.
  path: Assets/Resources/UI/UI/Common/main_shortcut_btn.png
  artifactKey: Guid(2de24f795c4b3c648b10b2b31797d869) Importer(815301076,1909f56bfc062723c751e8b465ee728b)
Start importing Assets/Resources/UI/UI/Common/main_shortcut_btn.png using Guid(2de24f795c4b3c648b10b2b31797d869) Importer(815301076,1909f56bfc062723c751e8b465ee728b)  -> (artifact id: 'fe616fee9a17c5c5567ecb567ca085e8') in 0.005492 seconds
Number of updated asset objects reloaded before import = 0
Number of asset objects unloaded after import = 2
========================================================================
Received Import Request.
  Time since last request: 0.000016 seconds.
  path: Assets/Resources/UI/UI/Common/main_chat_channel_all.png
  artifactKey: Guid(a54596347270afe4c862cae3200b3bc7) Importer(815301076,1909f56bfc062723c751e8b465ee728b)
Start importing Assets/Resources/UI/UI/Common/main_chat_channel_all.png using Guid(a54596347270afe4c862cae3200b3bc7) Importer(815301076,1909f56bfc062723c751e8b465ee728b)  -> (artifact id: '697c809a9ad5950905760bcd8189c42d') in 0.006032 seconds
Number of updated asset objects reloaded before import = 0
Number of asset objects unloaded after import = 2
========================================================================
Received Import Request.
  Time since last request: 0.000016 seconds.
  path: Assets/Resources/UI/UI/Common/main_scroll_bar.png
  artifactKey: Guid(8c4cf749ab6d37144a9c1a069c035fa5) Importer(815301076,1909f56bfc062723c751e8b465ee728b)
Start importing Assets/Resources/UI/UI/Common/main_scroll_bar.png using Guid(8c4cf749ab6d37144a9c1a069c035fa5) Importer(815301076,1909f56bfc062723c751e8b465ee728b)  -> (artifact id: '42d9eb5e954122a20bf1246dee439fef') in 0.006004 seconds
Number of updated asset objects reloaded before import = 0
Number of asset objects unloaded after import = 2
========================================================================
Received Import Request.
  Time since last request: 0.000020 seconds.
  path: Assets/Resources/UI/UI/Common/main_chat_channel_team.png
  artifactKey: Guid(913daa643f4fcd740b01a18dbec9fc0c) Importer(815301076,1909f56bfc062723c751e8b465ee728b)
Start importing Assets/Resources/UI/UI/Common/main_chat_channel_team.png using Guid(913daa643f4fcd740b01a18dbec9fc0c) Importer(815301076,1909f56bfc062723c751e8b465ee728b)  -> (artifact id: '43b5098ece50d43fc9e1cb81f95b5f79') in 0.006193 seconds
Number of updated asset objects reloaded before import = 0
Number of asset objects unloaded after import = 2
========================================================================
Received Import Request.
  Time since last request: 0.000021 seconds.
  path: Assets/Resources/UI/UI/Common/main_chat_channel_world.png
  artifactKey: Guid(b3b440159bde81a4b9ce9a86f1c1fb41) Importer(815301076,1909f56bfc062723c751e8b465ee728b)
Start importing Assets/Resources/UI/UI/Common/main_chat_channel_world.png using Guid(b3b440159bde81a4b9ce9a86f1c1fb41) Importer(815301076,1909f56bfc062723c751e8b465ee728b)  -> (artifact id: '2fb25f3f32aae3dce4fc628e12f2adf8') in 0.005864 seconds
Number of updated asset objects reloaded before import = 0
Number of asset objects unloaded after import = 2
========================================================================
Received Import Request.
  Time since last request: 0.000019 seconds.
  path: Assets/Resources/UI/UI/Common/main_icon_friends.png
  artifactKey: Guid(9dfb8e24cdf46f547a7eff5f72786aeb) Importer(815301076,1909f56bfc062723c751e8b465ee728b)
Start importing Assets/Resources/UI/UI/Common/main_icon_friends.png using Guid(9dfb8e24cdf46f547a7eff5f72786aeb) Importer(815301076,1909f56bfc062723c751e8b465ee728b)  -> (artifact id: 'ffed69304e6ccff74f6711865119c957') in 0.007647 seconds
Number of updated asset objects reloaded before import = 0
Number of asset objects unloaded after import = 2
========================================================================
Received Import Request.
  Time since last request: 0.000025 seconds.
  path: Assets/Resources/UI/UI/Common/main_mp_bar.png
  artifactKey: Guid(2f8a94ad08d215843a0721029d342604) Importer(815301076,1909f56bfc062723c751e8b465ee728b)
Start importing Assets/Resources/UI/UI/Common/main_mp_bar.png using Guid(2f8a94ad08d215843a0721029d342604) Importer(815301076,1909f56bfc062723c751e8b465ee728b)  -> (artifact id: '501cec5f9b2e273a802a471724fdad6b') in 0.005926 seconds
Number of updated asset objects reloaded before import = 0
Number of asset objects unloaded after import = 2
========================================================================
Received Import Request.
  Time since last request: 1.831554 seconds.
  path: Assets/Resources/UI/UI/Fonts/msyh.ttc
  artifactKey: Guid(25d4b38a9cdb8a24b98f59aeeabe898e) Importer(815301076,1909f56bfc062723c751e8b465ee728b)
Start importing Assets/Resources/UI/UI/Fonts/msyh.ttc using Guid(25d4b38a9cdb8a24b98f59aeeabe898e) Importer(815301076,1909f56bfc062723c751e8b465ee728b)  -> (artifact id: '9e63aea958599f1b707c8817116be75d') in 0.066622 seconds
Number of updated asset objects reloaded before import = 0
Number of asset objects unloaded after import = 4
========================================================================
Received Import Request.
  Time since last request: 0.000028 seconds.
  path: Assets/Resources/UI/UI/Fonts/SIMYOU.TTF
  artifactKey: Guid(cc0719b79ea3a014d8958a166c87a446) Importer(815301076,1909f56bfc062723c751e8b465ee728b)
Start importing Assets/Resources/UI/UI/Fonts/SIMYOU.TTF using Guid(cc0719b79ea3a014d8958a166c87a446) Importer(815301076,1909f56bfc062723c751e8b465ee728b)  -> (artifact id: 'a871df49fbebba5d4fb8ee9e50cbc841') in 0.014437 seconds
Number of updated asset objects reloaded before import = 0
Number of asset objects unloaded after import = 4
========================================================================
Received Import Request.
  Time since last request: 0.000020 seconds.
  path: Assets/Resources/UI/UI/Login/btn_enter_game.png
  artifactKey: Guid(7ea75a500589b9341bc50e85341cc474) Importer(815301076,1909f56bfc062723c751e8b465ee728b)
Start importing Assets/Resources/UI/UI/Login/btn_enter_game.png using Guid(7ea75a500589b9341bc50e85341cc474) Importer(815301076,1909f56bfc062723c751e8b465ee728b)  -> (artifact id: '91c4e5ce1bdd0ab9bf9462d9fcf8efcf') in 0.006850 seconds
Number of updated asset objects reloaded before import = 0
Number of asset objects unloaded after import = 2
========================================================================
Received Import Request.
  Time since last request: 0.000038 seconds.
  path: Assets/Resources/UI/UI/Login/check_box_bg.png
  artifactKey: Guid(b5551ee53ffb08f4c81c43ffa4f6a2e8) Importer(815301076,1909f56bfc062723c751e8b465ee728b)
Start importing Assets/Resources/UI/UI/Login/check_box_bg.png using Guid(b5551ee53ffb08f4c81c43ffa4f6a2e8) Importer(815301076,1909f56bfc062723c751e8b465ee728b)  -> (artifact id: 'f3392bf862a39874ddad20279dd83691') in 0.005378 seconds
Number of updated asset objects reloaded before import = 0
Number of asset objects unloaded after import = 2
========================================================================
Received Import Request.
  Time since last request: 0.000022 seconds.
  path: Assets/Resources/UI/UI/Icons/item_icon_scroll.png
  artifactKey: Guid(e3a2f3709c8fdae4b810764e877d2c63) Importer(815301076,1909f56bfc062723c751e8b465ee728b)
Start importing Assets/Resources/UI/UI/Icons/item_icon_scroll.png using Guid(e3a2f3709c8fdae4b810764e877d2c63) Importer(815301076,1909f56bfc062723c751e8b465ee728b)  -> (artifact id: '747998ccfd267fef4de19811618a3081') in 0.006019 seconds
Number of updated asset objects reloaded before import = 0
Number of asset objects unloaded after import = 2
========================================================================
Received Import Request.
  Time since last request: 0.000020 seconds.
  path: Assets/Resources/UI/UI/Icons/item_icon_exp3.png
  artifactKey: Guid(0375da916f6f81645b946ba741e27ea6) Importer(815301076,1909f56bfc062723c751e8b465ee728b)
Start importing Assets/Resources/UI/UI/Icons/item_icon_exp3.png using Guid(0375da916f6f81645b946ba741e27ea6) Importer(815301076,1909f56bfc062723c751e8b465ee728b)  -> (artifact id: '3fddc7bdcd931adbc72cc17a2cb52bfb') in 0.005407 seconds
Number of updated asset objects reloaded before import = 0
Number of asset objects unloaded after import = 2
========================================================================
Received Import Request.
  Time since last request: 0.000031 seconds.
  path: Assets/Resources/UI/UI/Icons/icon_info.png
  artifactKey: Guid(81e8541d4f9033b42ab9a5fdd6e8f30e) Importer(815301076,1909f56bfc062723c751e8b465ee728b)
Start importing Assets/Resources/UI/UI/Icons/icon_info.png using Guid(81e8541d4f9033b42ab9a5fdd6e8f30e) Importer(815301076,1909f56bfc062723c751e8b465ee728b)  -> (artifact id: 'efe70f75836e3aa6e2712be0b924c382') in 0.005300 seconds
Number of updated asset objects reloaded before import = 0
Number of asset objects unloaded after import = 2
========================================================================
Received Import Request.
  Time since last request: 0.000018 seconds.
  path: Assets/Resources/UI/UI/Login/df.png
  artifactKey: Guid(9cff8c95a04b1cf4d8e30bd70b98769b) Importer(815301076,1909f56bfc062723c751e8b465ee728b)
Start importing Assets/Resources/UI/UI/Login/df.png using Guid(9cff8c95a04b1cf4d8e30bd70b98769b) Importer(815301076,1909f56bfc062723c751e8b465ee728b)  -> (artifact id: '4c637f0d003a87cd06a0fa66c14f3456') in 0.006812 seconds
Number of updated asset objects reloaded before import = 0
Number of asset objects unloaded after import = 2
========================================================================
Received Import Request.
  Time since last request: 0.000045 seconds.
  path: Assets/Resources/UI/UI/Login/back.PNG
  artifactKey: Guid(193427b7586195a46a808f1fd5ba6db3) Importer(815301076,1909f56bfc062723c751e8b465ee728b)
Start importing Assets/Resources/UI/UI/Login/back.PNG using Guid(193427b7586195a46a808f1fd5ba6db3) Importer(815301076,1909f56bfc062723c751e8b465ee728b)  -> (artifact id: '3a59a5781af8047c72d0c558494c9793') in 0.005329 seconds
Number of updated asset objects reloaded before import = 0
Number of asset objects unloaded after import = 2
Editor requested this worker to shutdown with reason: Scaling down because of idle timeout
TcpMessagingSession - receive error: operation aborted. errorcode: 995, details: 由于线程退出或应用程序请求，已中止 I/O 操作。
AssetImportWorker is now disconnected from the server
Process exiting
Exiting without the bug reporter. Application will terminate with return code 0